;  LST file generated by mikroListExporter - v.2.0 
; Date/Time: 07/10/2022 12:14:32
;----------------------------------------------

;Address Opcode 	ASM
0x0000	0x2928      	GOTO       296
_Div_16x16_S_L:
;__Lib_Math.mpas,412 :: 		
;__Lib_Math.mpas,418 :: 		
0x0003	0x0D71      	RLF        R1, 0
;__Lib_Math.mpas,419 :: 		
0x0004	0x0DF8      	RLF        R8, 1
;__Lib_Math.mpas,420 :: 		
0x0005	0x0DF9      	RLF        R9, 1
;__Lib_Math.mpas,421 :: 		
0x0006	0x0874      	MOVF       R4, 0
;__Lib_Math.mpas,422 :: 		
0x0007	0x02F8      	SUBWF      R8, 1
;__Lib_Math.mpas,423 :: 		
0x0008	0x0875      	MOVF       R5, 0
;__Lib_Math.mpas,424 :: 		
0x0009	0x1C03      	BTFSS      STATUS, 0
;__Lib_Math.mpas,425 :: 		
0x000A	0x0F75      	INCFSZ     R5, 0
;__Lib_Math.mpas,426 :: 		
0x000B	0x02F9      	SUBWF      R9, 1
;__Lib_Math.mpas,427 :: 		
0x000C	0x0DF0      	RLF        R0, 1
;__Lib_Math.mpas,428 :: 		
0x000D	0x0DF1      	RLF        R1, 1
;__Lib_Math.mpas,430 :: 		
0x000E	0x300F      	MOVLW      15
;__Lib_Math.mpas,431 :: 		
0x000F	0x00FC      	MOVWF      R12
;__Lib_Math.mpas,433 :: 		
0x0010	0x0D71      	RLF        R1, 0
;__Lib_Math.mpas,434 :: 		
0x0011	0x0DF8      	RLF        R8, 1
;__Lib_Math.mpas,435 :: 		
0x0012	0x0DF9      	RLF        R9, 1
;__Lib_Math.mpas,436 :: 		
0x0013	0x0874      	MOVF       R4, 0
;__Lib_Math.mpas,438 :: 		
0x0014	0x1C70      	BTFSS      R0, 0
;__Lib_Math.mpas,439 :: 		
0x0015	0x281C      	GOTO       $+7
;__Lib_Math.mpas,440 :: 		
0x0016	0x02F8      	SUBWF      R8, 1
;__Lib_Math.mpas,441 :: 		
0x0017	0x0875      	MOVF       R5, 0
;__Lib_Math.mpas,442 :: 		
0x0018	0x1C03      	BTFSS      STATUS, 0
;__Lib_Math.mpas,443 :: 		
0x0019	0x0F75      	INCFSZ     R5, 0
;__Lib_Math.mpas,444 :: 		
0x001A	0x02F9      	SUBWF      R9, 1
;__Lib_Math.mpas,445 :: 		
0x001B	0x2821      	GOTO       $+6
;__Lib_Math.mpas,447 :: 		
0x001C	0x07F8      	ADDWF      R8, 1
;__Lib_Math.mpas,448 :: 		
0x001D	0x0875      	MOVF       R5, 0
;__Lib_Math.mpas,449 :: 		
0x001E	0x1803      	BTFSC      STATUS, 0
;__Lib_Math.mpas,450 :: 		
0x001F	0x0F75      	INCFSZ     R5, 0
;__Lib_Math.mpas,451 :: 		
0x0020	0x07F9      	ADDWF      R9, 1
;__Lib_Math.mpas,453 :: 		
0x0021	0x0DF0      	RLF        R0, 1
;__Lib_Math.mpas,454 :: 		
0x0022	0x0DF1      	RLF        R1, 1
;__Lib_Math.mpas,456 :: 		
0x0023	0x0BFC      	DECFSZ     R12, 1
;__Lib_Math.mpas,457 :: 		
0x0024	0x2810      	GOTO       $-20
;__Lib_Math.mpas,459 :: 		
0x0025	0x1870      	BTFSC      R0, 0
;__Lib_Math.mpas,460 :: 		
0x0026	0x282D      	GOTO       $+7
;__Lib_Math.mpas,461 :: 		
0x0027	0x0874      	MOVF       R4, 0
;__Lib_Math.mpas,462 :: 		
0x0028	0x07F8      	ADDWF      R8, 1
;__Lib_Math.mpas,463 :: 		
0x0029	0x0875      	MOVF       R5, 0
;__Lib_Math.mpas,464 :: 		
0x002A	0x1803      	BTFSC      STATUS, 0
;__Lib_Math.mpas,465 :: 		
0x002B	0x0F75      	INCFSZ     R5, 0
;__Lib_Math.mpas,466 :: 		
0x002C	0x07F9      	ADDWF      R9, 1
;__Lib_Math.mpas,467 :: 		
0x002D	0x0000      	NOP
;__Lib_Math.mpas,469 :: 		
L_end_Div_16x16_S_L:
0x002E	0x0008      	RETURN
; end of _Div_16x16_S_L
_TIMER1_INI:
;Distancia_PIC16F88_03.mbas,33 :: 		sub procedure TIMER1_INI()
;Distancia_PIC16F88_03.mbas,34 :: 		PIR1.TMR1IF=0
0x002F	0x1283      	BCF        STATUS, 5
0x0030	0x1303      	BCF        STATUS, 6
0x0031	0x100C      	BCF        PIR1, 0
;Distancia_PIC16F88_03.mbas,35 :: 		PIE1.TMR1IE=0
0x0032	0x1683      	BSF        STATUS, 5
0x0033	0x100C      	BCF        PIE1, 0
;Distancia_PIC16F88_03.mbas,36 :: 		T1CON.TMR1CS=0
0x0034	0x1283      	BCF        STATUS, 5
0x0035	0x1090      	BCF        T1CON, 1
;Distancia_PIC16F88_03.mbas,37 :: 		T1CON.T1CKPS1=T1CON.T1CKPS0=0
0x0036	0x1A10      	BTFSC      T1CON, 4
0x0037	0x283A      	GOTO       L__TIMER1_INI35
0x0038	0x1690      	BSF        T1CON, 5
0x0039	0x283B      	GOTO       L__TIMER1_INI36
L__TIMER1_INI35:
0x003A	0x1290      	BCF        T1CON, 5
L__TIMER1_INI36:
;Distancia_PIC16F88_03.mbas,38 :: 		end sub
L_end_TIMER1_INI:
0x003B	0x0008      	RETURN
; end of _TIMER1_INI
_ping_HC_SR04:
;Distancia_PIC16F88_03.mbas,11 :: 		dim dista as byte
;Distancia_PIC16F88_03.mbas,12 :: 		TMR1H = 0xB1
0x003C	0x30B1      	MOVLW      177
0x003D	0x1283      	BCF        STATUS, 5
0x003E	0x1303      	BCF        STATUS, 6
0x003F	0x008F      	MOVWF      TMR1H
;Distancia_PIC16F88_03.mbas,13 :: 		TMR1L = 0xDF
0x0040	0x30DF      	MOVLW      223
0x0041	0x008E      	MOVWF      TMR1L
;Distancia_PIC16F88_03.mbas,14 :: 		PortA.6 = 0  'trigger
0x0042	0x1305      	BCF        PORTA, 6
;Distancia_PIC16F88_03.mbas,15 :: 		Delay_us(2)
0x0043	0x0000      	NOP
0x0044	0x0000      	NOP
0x0045	0x0000      	NOP
0x0046	0x0000      	NOP
;Distancia_PIC16F88_03.mbas,16 :: 		PortA.6 = 1  'trigger
0x0047	0x1705      	BSF        PORTA, 6
;Distancia_PIC16F88_03.mbas,17 :: 		Delay_us(10)
0x0048	0x3006      	MOVLW      6
0x0049	0x00FD      	MOVWF      R13
L__ping_HC_SR041:
0x004A	0x0BFD      	DECFSZ     R13, 1
0x004B	0x284A      	GOTO       L__ping_HC_SR041
0x004C	0x0000      	NOP
;Distancia_PIC16F88_03.mbas,18 :: 		PortA.6 = 0   'trigger
0x004D	0x1305      	BCF        PORTA, 6
;Distancia_PIC16F88_03.mbas,19 :: 		while(PortA.7=0)wend  'Echo
L__ping_HC_SR043:
0x004E	0x1F85      	BTFSS      PORTA, 7
0x004F	0x284E      	GOTO       L__ping_HC_SR043
;Distancia_PIC16F88_03.mbas,20 :: 		T1CON.TMR1ON=1
0x0050	0x1410      	BSF        T1CON, 0
;Distancia_PIC16F88_03.mbas,21 :: 		while((PortA.7=1)AND(PIR1.TMR1IF=0))wend 'Echo
L__ping_HC_SR048:
0x0051	0x1B85      	BTFSC      PORTA, 7
0x0052	0x2855      	GOTO       L__ping_HC_SR0428
0x0053	0x1074      	BCF        R4, 0
0x0054	0x2856      	GOTO       L__ping_HC_SR0429
L__ping_HC_SR0428:
0x0055	0x1474      	BSF        R4, 0
L__ping_HC_SR0429:
0x0056	0x180C      	BTFSC      PIR1, 0
0x0057	0x285A      	GOTO       L__ping_HC_SR0430
0x0058	0x1403      	BSF        STATUS, 0
0x0059	0x285B      	GOTO       L__ping_HC_SR0431
L__ping_HC_SR0430:
0x005A	0x1003      	BCF        STATUS, 0
L__ping_HC_SR0431:
0x005B	0x1C74      	BTFSS      R4, 0
0x005C	0x2861      	GOTO       L__ping_HC_SR0432
0x005D	0x1C03      	BTFSS      STATUS, 0
0x005E	0x2861      	GOTO       L__ping_HC_SR0432
0x005F	0x1474      	BSF        R4, 0
0x0060	0x2862      	GOTO       L__ping_HC_SR0433
L__ping_HC_SR0432:
0x0061	0x1074      	BCF        R4, 0
L__ping_HC_SR0433:
0x0062	0x1874      	BTFSC      R4, 0
0x0063	0x2851      	GOTO       L__ping_HC_SR048
;Distancia_PIC16F88_03.mbas,22 :: 		T1CON.TMR1ON =0
0x0064	0x1010      	BCF        T1CON, 0
;Distancia_PIC16F88_03.mbas,23 :: 		PIR1.TMR1IF=0
0x0065	0x100C      	BCF        PIR1, 0
;Distancia_PIC16F88_03.mbas,24 :: 		CONTH=TMR1H
0x0066	0x080F      	MOVF       TMR1H, 0
0x0067	0x00C5      	MOVWF      _CONTH
0x0068	0x01C6      	CLRF       _CONTH+1
;Distancia_PIC16F88_03.mbas,25 :: 		CONTL=TMR1L
0x0069	0x080E      	MOVF       TMR1L, 0
0x006A	0x00C3      	MOVWF      _CONTL
0x006B	0x01C4      	CLRF       _CONTL+1
;Distancia_PIC16F88_03.mbas,26 :: 		CONTH=CONTH << 8
0x006C	0x0845      	MOVF       _CONTH, 0
0x006D	0x00F1      	MOVWF      R0+1
0x006E	0x01F0      	CLRF       R0
0x006F	0x0870      	MOVF       R0, 0
0x0070	0x00C5      	MOVWF      _CONTH
0x0071	0x0871      	MOVF       R0+1, 0
0x0072	0x00C6      	MOVWF      _CONTH+1
;Distancia_PIC16F88_03.mbas,27 :: 		CONTH=CONTH AND 0XFF00
0x0073	0x3000      	MOVLW      0
0x0074	0x0570      	ANDWF      R0, 0
0x0075	0x00F2      	MOVWF      R2
0x0076	0x0871      	MOVF       R0+1, 0
0x0077	0x39FF      	ANDLW      255
0x0078	0x00F3      	MOVWF      R2+1
0x0079	0x0872      	MOVF       R2, 0
0x007A	0x00C5      	MOVWF      _CONTH
0x007B	0x0873      	MOVF       R2+1, 0
0x007C	0x00C6      	MOVWF      _CONTH+1
;Distancia_PIC16F88_03.mbas,28 :: 		CONTL=CONTL AND 0x00FF
0x007D	0x30FF      	MOVLW      255
0x007E	0x0543      	ANDWF      _CONTL, 0
0x007F	0x00F0      	MOVWF      R0
0x0080	0x0844      	MOVF       _CONTL+1, 0
0x0081	0x00F1      	MOVWF      R0+1
0x0082	0x3000      	MOVLW      0
0x0083	0x05F1      	ANDWF      R0+1, 1
0x0084	0x0870      	MOVF       R0, 0
0x0085	0x00C3      	MOVWF      _CONTL
0x0086	0x0871      	MOVF       R0+1, 0
0x0087	0x00C4      	MOVWF      _CONTL+1
;Distancia_PIC16F88_03.mbas,29 :: 		CONTH=CONTH OR CONTL
0x0088	0x0872      	MOVF       R2, 0
0x0089	0x04F0      	IORWF      R0, 1
0x008A	0x0873      	MOVF       R2+1, 0
0x008B	0x04F1      	IORWF      R0+1, 1
0x008C	0x0870      	MOVF       R0, 0
0x008D	0x00C5      	MOVWF      _CONTH
0x008E	0x0871      	MOVF       R0+1, 0
0x008F	0x00C6      	MOVWF      _CONTH+1
;Distancia_PIC16F88_03.mbas,30 :: 		result = CONTH
0x0090	0x0870      	MOVF       R0, 0
0x0091	0x00F5      	MOVWF      R5
0x0092	0x0871      	MOVF       R0+1, 0
0x0093	0x00F6      	MOVWF      R5+1
0x0094	0x3000      	MOVLW      0
0x0095	0x1BF6      	BTFSC      R5+1, 7
0x0096	0x30FF      	MOVLW      255
0x0097	0x00F7      	MOVWF      R5+2
0x0098	0x00F8      	MOVWF      R5+3
;Distancia_PIC16F88_03.mbas,31 :: 		end sub
0x0099	0x0875      	MOVF       R5, 0
0x009A	0x00F0      	MOVWF      R0
0x009B	0x0876      	MOVF       R5+1, 0
0x009C	0x00F1      	MOVWF      R0+1
0x009D	0x0877      	MOVF       R5+2, 0
0x009E	0x00F2      	MOVWF      R0+2
0x009F	0x0878      	MOVF       R5+3, 0
0x00A0	0x00F3      	MOVWF      R0+3
L_end_ping_HC_SR04:
0x00A1	0x0008      	RETURN
; end of _ping_HC_SR04
_Div_16x16_U:
;__Lib_Math.mpas,207 :: 		
;__Lib_Math.mpas,213 :: 		
0x00A2	0x1283      	BCF        STATUS, 5
;__Lib_Math.mpas,214 :: 		
0x00A3	0x1303      	BCF        STATUS, 6
;__Lib_Math.mpas,215 :: 		
0x00A4	0x01F8      	CLRF       R8
;__Lib_Math.mpas,216 :: 		
0x00A5	0x01F9      	CLRF       R9
;__Lib_Math.mpas,217 :: 		
0x00A6	0x3010      	MOVLW      16
;__Lib_Math.mpas,218 :: 		
0x00A7	0x00FC      	MOVWF      R12
;__Lib_Math.mpas,219 :: 		
0x00A8	0x0D71      	RLF        R1, 0
;__Lib_Math.mpas,220 :: 		
0x00A9	0x0DF8      	RLF        R8, 1
;__Lib_Math.mpas,221 :: 		
0x00AA	0x0DF9      	RLF        R9, 1
;__Lib_Math.mpas,222 :: 		
0x00AB	0x0874      	MOVF       R4, 0
;__Lib_Math.mpas,223 :: 		
0x00AC	0x02F8      	SUBWF      R8, 1
;__Lib_Math.mpas,224 :: 		
0x00AD	0x0875      	MOVF       R5, 0
;__Lib_Math.mpas,225 :: 		
0x00AE	0x1C03      	BTFSS      STATUS, 0
;__Lib_Math.mpas,226 :: 		
0x00AF	0x0F75      	INCFSZ     R5, 0
;__Lib_Math.mpas,227 :: 		
0x00B0	0x02F9      	SUBWF      R9, 1
;__Lib_Math.mpas,228 :: 		
0x00B1	0x1803      	BTFSC      STATUS, 0
;__Lib_Math.mpas,229 :: 		
0x00B2	0x28BA      	GOTO       $+8
;__Lib_Math.mpas,230 :: 		
0x00B3	0x0874      	MOVF       R4, 0
;__Lib_Math.mpas,231 :: 		
0x00B4	0x07F8      	ADDWF      R8, 1
;__Lib_Math.mpas,232 :: 		
0x00B5	0x0875      	MOVF       R5, 0
;__Lib_Math.mpas,233 :: 		
0x00B6	0x1803      	BTFSC      STATUS, 0
;__Lib_Math.mpas,234 :: 		
0x00B7	0x0F75      	INCFSZ     R5, 0
;__Lib_Math.mpas,235 :: 		
0x00B8	0x07F9      	ADDWF      R9, 1
;__Lib_Math.mpas,236 :: 		
0x00B9	0x1003      	BCF        STATUS, 0
;__Lib_Math.mpas,237 :: 		
0x00BA	0x0DF0      	RLF        R0, 1
;__Lib_Math.mpas,238 :: 		
0x00BB	0x0DF1      	RLF        R1, 1
;__Lib_Math.mpas,239 :: 		
0x00BC	0x0BFC      	DECFSZ     R12, 1
;__Lib_Math.mpas,240 :: 		
0x00BD	0x28A8      	GOTO       $-21
;__Lib_Math.mpas,242 :: 		
L_end_Div_16x16_U:
0x00BE	0x0008      	RETURN
; end of _Div_16x16_U
_Div_16x16_S:
;__Lib_Math.mpas,472 :: 		
;__Lib_Math.mpas,480 :: 		
0x00BF	0x1283      	BCF        STATUS, 5
0x00C0	0x1303      	BCF        STATUS, 6
0x00C1	0x0874      	MOVF       R4, 0
0x00C2	0x3A00      	XORLW      0
0x00C3	0x1D03      	BTFSS      STATUS, 2
0x00C4	0x28CE      	GOTO       L__Div_16x16_S12
;__Lib_Math.mpas,481 :: 		
0x00C5	0x0875      	MOVF       R5, 0
0x00C6	0x3A00      	XORLW      0
0x00C7	0x1D03      	BTFSS      STATUS, 2
0x00C8	0x28CE      	GOTO       L__Div_16x16_S15
;__Lib_Math.mpas,483 :: 		
0x00C9	0x30FF      	MOVLW      255
0x00CA	0x00F0      	MOVWF      R0
;__Lib_Math.mpas,484 :: 		
0x00CB	0x307F      	MOVLW      127
0x00CC	0x00F1      	MOVWF      R1
;__Lib_Math.mpas,485 :: 		
0x00CD	0x2927      	GOTO       L_end__Div_16x16_S
;__Lib_Math.mpas,486 :: 		
L__Div_16x16_S15:
L__Div_16x16_S12:
;__Lib_Math.mpas,489 :: 		
0x00CE	0x1283      	BCF        STATUS, 5
;__Lib_Math.mpas,490 :: 		
0x00CF	0x1303      	BCF        STATUS, 6
;__Lib_Math.mpas,491 :: 		
0x00D0	0x01FD      	CLRF       R13
;__Lib_Math.mpas,492 :: 		
0x00D1	0x01F9      	CLRF       R9
;__Lib_Math.mpas,493 :: 		
0x00D2	0x01F8      	CLRF       R8
;__Lib_Math.mpas,494 :: 		
0x00D3	0x0871      	MOVF       R1, 0
;__Lib_Math.mpas,495 :: 		
0x00D4	0x0470      	IORWF      R0, 0
;__Lib_Math.mpas,496 :: 		
0x00D5	0x1903      	BTFSC      STATUS, 2
;__Lib_Math.mpas,497 :: 		
0x00D6	0x3400      	RETLW      0
;__Lib_Math.mpas,499 :: 		
0x00D7	0x0871      	MOVF       R1, 0
;__Lib_Math.mpas,500 :: 		
0x00D8	0x0675      	XORWF      R5, 0
;__Lib_Math.mpas,501 :: 		
0x00D9	0x00FA      	MOVWF      R10
;__Lib_Math.mpas,502 :: 		
0x00DA	0x1BFA      	BTFSC      R10, 7
;__Lib_Math.mpas,503 :: 		
0x00DB	0x09FD      	COMF       R13, 1
;__Lib_Math.mpas,505 :: 		
0x00DC	0x01FB      	CLRF       R11
;__Lib_Math.mpas,507 :: 		
0x00DD	0x1FF5      	BTFSS      R5, 7
;__Lib_Math.mpas,508 :: 		
0x00DE	0x28E4      	GOTO       $+6
;__Lib_Math.mpas,510 :: 		
0x00DF	0x09F4      	COMF       R4, 1
;__Lib_Math.mpas,511 :: 		
0x00E0	0x09F5      	COMF       R5, 1
;__Lib_Math.mpas,512 :: 		
0x00E1	0x0AF4      	INCF       R4, 1
;__Lib_Math.mpas,513 :: 		
0x00E2	0x1903      	BTFSC      STATUS, 2
;__Lib_Math.mpas,514 :: 		
0x00E3	0x0AF5      	INCF       R5, 1
;__Lib_Math.mpas,516 :: 		
0x00E4	0x1FF1      	BTFSS      R1, 7
;__Lib_Math.mpas,517 :: 		
0x00E5	0x28EB      	GOTO       $+6
;__Lib_Math.mpas,519 :: 		
0x00E6	0x09F0      	COMF       R0, 1
;__Lib_Math.mpas,520 :: 		
0x00E7	0x09F1      	COMF       R1, 1
;__Lib_Math.mpas,521 :: 		
0x00E8	0x0AF0      	INCF       R0, 1
;__Lib_Math.mpas,522 :: 		
0x00E9	0x1903      	BTFSC      STATUS, 2
;__Lib_Math.mpas,523 :: 		
0x00EA	0x0AF1      	INCF       R1, 1
;__Lib_Math.mpas,525 :: 		
0x00EB	0x0871      	MOVF       R1, 0
;__Lib_Math.mpas,526 :: 		
0x00EC	0x0475      	IORWF      R5, 0
;__Lib_Math.mpas,527 :: 		
0x00ED	0x00FA      	MOVWF      R10
;__Lib_Math.mpas,528 :: 		
0x00EE	0x1BFA      	BTFSC      R10, 7
;__Lib_Math.mpas,529 :: 		
0x00EF	0x2900      	GOTO       $+17
;__Lib_Math.mpas,531 :: 		
0x00F0	0x2003      	CALL       _Div_16x16_S_L
;__Lib_Math.mpas,533 :: 		
0x00F1	0x187B      	BTFSC      R11, 0
;__Lib_Math.mpas,534 :: 		
0x00F2	0x2913      	GOTO       $+33
;__Lib_Math.mpas,536 :: 		
0x00F3	0x1FFD      	BTFSS      R13, 7
;__Lib_Math.mpas,537 :: 		
0x00F4	0x3400      	RETLW      0
;__Lib_Math.mpas,539 :: 		
0x00F5	0x09F0      	COMF       R0, 1
;__Lib_Math.mpas,540 :: 		
0x00F6	0x09F1      	COMF       R1, 1
;__Lib_Math.mpas,541 :: 		
0x00F7	0x0AF0      	INCF       R0, 1
;__Lib_Math.mpas,542 :: 		
0x00F8	0x1903      	BTFSC      STATUS, 2
;__Lib_Math.mpas,543 :: 		
0x00F9	0x0AF1      	INCF       R1, 1
;__Lib_Math.mpas,545 :: 		
0x00FA	0x09F8      	COMF       R8, 1
;__Lib_Math.mpas,546 :: 		
0x00FB	0x09F9      	COMF       R9, 1
;__Lib_Math.mpas,547 :: 		
0x00FC	0x0AF8      	INCF       R8, 1
;__Lib_Math.mpas,548 :: 		
0x00FD	0x1903      	BTFSC      STATUS, 2
;__Lib_Math.mpas,549 :: 		
0x00FE	0x0AF9      	INCF       R9, 1
;__Lib_Math.mpas,551 :: 		
0x00FF	0x3400      	RETLW      0
;__Lib_Math.mpas,553 :: 		
0x0100	0x1FF5      	BTFSS      R5, 7
;__Lib_Math.mpas,554 :: 		
0x0101	0x290F      	GOTO       $+14
;__Lib_Math.mpas,555 :: 		
0x0102	0x1BF1      	BTFSC      R1, 7
;__Lib_Math.mpas,556 :: 		
0x0103	0x290B      	GOTO       $+8
;__Lib_Math.mpas,557 :: 		
0x0104	0x0871      	MOVF       R1, 0
;__Lib_Math.mpas,558 :: 		
0x0105	0x00F9      	MOVWF      R9
;__Lib_Math.mpas,559 :: 		
0x0106	0x0870      	MOVF       R0, 0
;__Lib_Math.mpas,560 :: 		
0x0107	0x00F8      	MOVWF      R8
;__Lib_Math.mpas,561 :: 		
0x0108	0x01F1      	CLRF       R1
;__Lib_Math.mpas,562 :: 		
0x0109	0x01F0      	CLRF       R0
;__Lib_Math.mpas,563 :: 		
0x010A	0x28F3      	GOTO       $-23
;__Lib_Math.mpas,564 :: 		
0x010B	0x01F1      	CLRF       R1
;__Lib_Math.mpas,565 :: 		
0x010C	0x01F0      	CLRF       R0
;__Lib_Math.mpas,566 :: 		
0x010D	0x0AF0      	INCF       R0, 1
;__Lib_Math.mpas,567 :: 		
0x010E	0x3400      	RETLW      0
;__Lib_Math.mpas,569 :: 		
0x010F	0x09F1      	COMF       R1, 1
;__Lib_Math.mpas,570 :: 		
0x0110	0x09F0      	COMF       R0, 1
;__Lib_Math.mpas,571 :: 		
0x0111	0x0AFB      	INCF       R11, 1
;__Lib_Math.mpas,572 :: 		
0x0112	0x28F0      	GOTO       $-34
;__Lib_Math.mpas,574 :: 		
0x0113	0x0AF8      	INCF       R8, 1
;__Lib_Math.mpas,575 :: 		
0x0114	0x1903      	BTFSC      STATUS, 2
;__Lib_Math.mpas,576 :: 		
0x0115	0x0AF9      	INCF       R9, 1
;__Lib_Math.mpas,577 :: 		
0x0116	0x0874      	MOVF       R4, 0
;__Lib_Math.mpas,578 :: 		
0x0117	0x0278      	SUBWF      R8, 0
;__Lib_Math.mpas,579 :: 		
0x0118	0x1D03      	BTFSS      STATUS, 2
;__Lib_Math.mpas,580 :: 		
0x0119	0x28F3      	GOTO       $-38
;__Lib_Math.mpas,581 :: 		
0x011A	0x0875      	MOVF       R5, 0
;__Lib_Math.mpas,582 :: 		
0x011B	0x0279      	SUBWF      R9, 0
;__Lib_Math.mpas,583 :: 		
0x011C	0x1D03      	BTFSS      STATUS, 2
;__Lib_Math.mpas,584 :: 		
0x011D	0x28F3      	GOTO       $-42
;__Lib_Math.mpas,585 :: 		
0x011E	0x01F9      	CLRF       R9
;__Lib_Math.mpas,586 :: 		
0x011F	0x01F8      	CLRF       R8
;__Lib_Math.mpas,587 :: 		
0x0120	0x0AF0      	INCF       R0, 1
;__Lib_Math.mpas,588 :: 		
0x0121	0x1903      	BTFSC      STATUS, 2
;__Lib_Math.mpas,589 :: 		
0x0122	0x0AF1      	INCF       R1, 1
;__Lib_Math.mpas,590 :: 		
0x0123	0x1FF1      	BTFSS      R1, 7
;__Lib_Math.mpas,591 :: 		
0x0124	0x28F3      	GOTO       $-49
;__Lib_Math.mpas,592 :: 		
0x0125	0x0000      	NOP
;__Lib_Math.mpas,593 :: 		
0x0126	0x34FF      	RETLW      255
;__Lib_Math.mpas,595 :: 		
L_end__Div_16x16_S:
L_end_Div_16x16_S:
0x0127	0x0008      	RETURN
; end of _Div_16x16_S
_main:
;Distancia_PIC16F88_03.mbas,41 :: 		main:
;Distancia_PIC16F88_03.mbas,42 :: 		ADCON0 = 0
0x0128	0x1283      	BCF        STATUS, 5
0x0129	0x1303      	BCF        STATUS, 6
0x012A	0x019F      	CLRF       ADCON0
;Distancia_PIC16F88_03.mbas,43 :: 		ANSEL = 0
0x012B	0x1683      	BSF        STATUS, 5
0x012C	0x019B      	CLRF       ANSEL
;Distancia_PIC16F88_03.mbas,44 :: 		CMCON = 7
0x012D	0x3007      	MOVLW      7
0x012E	0x009C      	MOVWF      CMCON
;Distancia_PIC16F88_03.mbas,45 :: 		TRISA = 0xB8
0x012F	0x30B8      	MOVLW      184
0x0130	0x0085      	MOVWF      TRISA
;Distancia_PIC16F88_03.mbas,46 :: 		TRISB = 0x00
0x0131	0x0186      	CLRF       TRISB
;Distancia_PIC16F88_03.mbas,47 :: 		PORTA = 0x00
0x0132	0x1283      	BCF        STATUS, 5
0x0133	0x0185      	CLRF       PORTA
;Distancia_PIC16F88_03.mbas,48 :: 		PORTB = 0x00
0x0134	0x0186      	CLRF       PORTB
;Distancia_PIC16F88_03.mbas,50 :: 		CONTH=0
0x0135	0x01C5      	CLRF       _CONTH
0x0136	0x01C6      	CLRF       _CONTH+1
;Distancia_PIC16F88_03.mbas,51 :: 		CONTL=0
0x0137	0x01C3      	CLRF       _CONTL
0x0138	0x01C4      	CLRF       _CONTL+1
;Distancia_PIC16F88_03.mbas,52 :: 		TIMER1_INI()
0x0139	0x202F      	CALL       _TIMER1_INI
;Distancia_PIC16F88_03.mbas,53 :: 		Delay_ms(5)
0x013A	0x300D      	MOVLW      13
0x013B	0x00FC      	MOVWF      R12
0x013C	0x30FB      	MOVLW      251
0x013D	0x00FD      	MOVWF      R13
L__main14:
0x013E	0x0BFD      	DECFSZ     R13, 1
0x013F	0x293E      	GOTO       L__main14
0x0140	0x0BFC      	DECFSZ     R12, 1
0x0141	0x293E      	GOTO       L__main14
0x0142	0x0000      	NOP
0x0143	0x0000      	NOP
;Distancia_PIC16F88_03.mbas,55 :: 		promedio = 0
0x0144	0x01C1      	CLRF       _promedio
0x0145	0x01C2      	CLRF       _promedio+1
;Distancia_PIC16F88_03.mbas,56 :: 		cnt = 0
0x0146	0x01BC      	CLRF       _cnt
;Distancia_PIC16F88_03.mbas,57 :: 		aux = 0
0x0147	0x01BA      	CLRF       _aux
0x0148	0x01BB      	CLRF       _aux+1
;Distancia_PIC16F88_03.mbas,58 :: 		unidad = 0
0x0149	0x01BF      	CLRF       _unidad
0x014A	0x01C0      	CLRF       _unidad+1
;Distancia_PIC16F88_03.mbas,59 :: 		decena = 0
0x014B	0x01BD      	CLRF       _decena
0x014C	0x01BE      	CLRF       _decena+1
;Distancia_PIC16F88_03.mbas,60 :: 		centena = 0
0x014D	0x01A2      	CLRF       _centena
0x014E	0x01A3      	CLRF       _centena+1
;Distancia_PIC16F88_03.mbas,61 :: 		residuos = 0
0x014F	0x01A0      	CLRF       _residuos
0x0150	0x01A1      	CLRF       _residuos+1
;Distancia_PIC16F88_03.mbas,63 :: 		numero[0] = 0xBF
0x0151	0x30BF      	MOVLW      191
0x0152	0x00A6      	MOVWF      _numero
0x0153	0x01A7      	CLRF       _numero+1
;Distancia_PIC16F88_03.mbas,64 :: 		numero[1] = 0x86
0x0154	0x3086      	MOVLW      134
0x0155	0x00A8      	MOVWF      _numero+2
0x0156	0x01A9      	CLRF       _numero+3
;Distancia_PIC16F88_03.mbas,65 :: 		numero[2] = 0xDB
0x0157	0x30DB      	MOVLW      219
0x0158	0x00AA      	MOVWF      _numero+4
0x0159	0x01AB      	CLRF       _numero+5
;Distancia_PIC16F88_03.mbas,66 :: 		numero[3] = 0xCF
0x015A	0x30CF      	MOVLW      207
0x015B	0x00AC      	MOVWF      _numero+6
0x015C	0x01AD      	CLRF       _numero+7
;Distancia_PIC16F88_03.mbas,67 :: 		numero[4] = 0xE6
0x015D	0x30E6      	MOVLW      230
0x015E	0x00AE      	MOVWF      _numero+8
0x015F	0x01AF      	CLRF       _numero+9
;Distancia_PIC16F88_03.mbas,68 :: 		numero[5] = 0xED
0x0160	0x30ED      	MOVLW      237
0x0161	0x00B0      	MOVWF      _numero+10
0x0162	0x01B1      	CLRF       _numero+11
;Distancia_PIC16F88_03.mbas,69 :: 		numero[6] = 0xFD
0x0163	0x30FD      	MOVLW      253
0x0164	0x00B2      	MOVWF      _numero+12
0x0165	0x01B3      	CLRF       _numero+13
;Distancia_PIC16F88_03.mbas,70 :: 		numero[7] = 0x87
0x0166	0x3087      	MOVLW      135
0x0167	0x00B4      	MOVWF      _numero+14
0x0168	0x01B5      	CLRF       _numero+15
;Distancia_PIC16F88_03.mbas,71 :: 		numero[8] = 0xFF
0x0169	0x30FF      	MOVLW      255
0x016A	0x00B6      	MOVWF      _numero+16
0x016B	0x01B7      	CLRF       _numero+17
;Distancia_PIC16F88_03.mbas,72 :: 		numero[9] = 0xEF
0x016C	0x30EF      	MOVLW      239
0x016D	0x00B8      	MOVWF      _numero+18
0x016E	0x01B9      	CLRF       _numero+19
;Distancia_PIC16F88_03.mbas,74 :: 		While true
L__main16:
;Distancia_PIC16F88_03.mbas,75 :: 		dist=ping_HC_SR04()
0x016F	0x203C      	CALL       _ping_HC_SR04
0x0170	0x0870      	MOVF       R0, 0
0x0171	0x00A4      	MOVWF      _dist
0x0172	0x0871      	MOVF       R0+1, 0
0x0173	0x00A5      	MOVWF      _dist+1
;Distancia_PIC16F88_03.mbas,76 :: 		dist = ((dist-45535) / 29) '  /29)/2
0x0174	0x30DF      	MOVLW      223
0x0175	0x02F0      	SUBWF      R0, 1
0x0176	0x1C03      	BTFSS      STATUS, 0
0x0177	0x03F1      	DECF       R0+1, 1
0x0178	0x30B1      	MOVLW      177
0x0179	0x02F1      	SUBWF      R0+1, 1
0x017A	0x301D      	MOVLW      29
0x017B	0x00F4      	MOVWF      R4
0x017C	0x01F5      	CLRF       R4+1
0x017D	0x20A2      	CALL       _Div_16x16_U
0x017E	0x0870      	MOVF       R0, 0
0x017F	0x00A4      	MOVWF      _dist
0x0180	0x0871      	MOVF       R0+1, 0
0x0181	0x00A5      	MOVWF      _dist+1
;Distancia_PIC16F88_03.mbas,77 :: 		Delay_ms(1)
0x0182	0x3003      	MOVLW      3
0x0183	0x00FC      	MOVWF      R12
0x0184	0x3097      	MOVLW      151
0x0185	0x00FD      	MOVWF      R13
L__main20:
0x0186	0x0BFD      	DECFSZ     R13, 1
0x0187	0x2986      	GOTO       L__main20
0x0188	0x0BFC      	DECFSZ     R12, 1
0x0189	0x2986      	GOTO       L__main20
0x018A	0x0000      	NOP
0x018B	0x0000      	NOP
;Distancia_PIC16F88_03.mbas,80 :: 		residuos = promedio
0x018C	0x0841      	MOVF       _promedio, 0
0x018D	0x00A0      	MOVWF      _residuos
0x018E	0x0842      	MOVF       _promedio+1, 0
0x018F	0x00A1      	MOVWF      _residuos+1
;Distancia_PIC16F88_03.mbas,81 :: 		unidad=residuos mod 10
0x0190	0x300A      	MOVLW      10
0x0191	0x00F4      	MOVWF      R4
0x0192	0x01F5      	CLRF       R4+1
0x0193	0x0841      	MOVF       _promedio, 0
0x0194	0x00F0      	MOVWF      R0
0x0195	0x0842      	MOVF       _promedio+1, 0
0x0196	0x00F1      	MOVWF      R0+1
0x0197	0x20BF      	CALL       _Div_16x16_S
0x0198	0x0878      	MOVF       R8, 0
0x0199	0x00F0      	MOVWF      R0
0x019A	0x0879      	MOVF       R8+1, 0
0x019B	0x00F1      	MOVWF      R0+1
0x019C	0x0870      	MOVF       R0, 0
0x019D	0x00BF      	MOVWF      _unidad
0x019E	0x0871      	MOVF       R0+1, 0
0x019F	0x00C0      	MOVWF      _unidad+1
;Distancia_PIC16F88_03.mbas,82 :: 		residuos=residuos / 10
0x01A0	0x300A      	MOVLW      10
0x01A1	0x00F4      	MOVWF      R4
0x01A2	0x01F5      	CLRF       R4+1
0x01A3	0x0820      	MOVF       _residuos, 0
0x01A4	0x00F0      	MOVWF      R0
0x01A5	0x0821      	MOVF       _residuos+1, 0
0x01A6	0x00F1      	MOVWF      R0+1
0x01A7	0x20BF      	CALL       _Div_16x16_S
0x01A8	0x0870      	MOVF       R0, 0
0x01A9	0x00A0      	MOVWF      _residuos
0x01AA	0x0871      	MOVF       R0+1, 0
0x01AB	0x00A1      	MOVWF      _residuos+1
;Distancia_PIC16F88_03.mbas,83 :: 		decena=residuos mod 10
0x01AC	0x300A      	MOVLW      10
0x01AD	0x00F4      	MOVWF      R4
0x01AE	0x01F5      	CLRF       R4+1
0x01AF	0x20BF      	CALL       _Div_16x16_S
0x01B0	0x0878      	MOVF       R8, 0
0x01B1	0x00F0      	MOVWF      R0
0x01B2	0x0879      	MOVF       R8+1, 0
0x01B3	0x00F1      	MOVWF      R0+1
0x01B4	0x0870      	MOVF       R0, 0
0x01B5	0x00BD      	MOVWF      _decena
0x01B6	0x0871      	MOVF       R0+1, 0
0x01B7	0x00BE      	MOVWF      _decena+1
;Distancia_PIC16F88_03.mbas,84 :: 		residuos=residuos / 10
0x01B8	0x300A      	MOVLW      10
0x01B9	0x00F4      	MOVWF      R4
0x01BA	0x01F5      	CLRF       R4+1
0x01BB	0x0820      	MOVF       _residuos, 0
0x01BC	0x00F0      	MOVWF      R0
0x01BD	0x0821      	MOVF       _residuos+1, 0
0x01BE	0x00F1      	MOVWF      R0+1
0x01BF	0x20BF      	CALL       _Div_16x16_S
0x01C0	0x0870      	MOVF       R0, 0
0x01C1	0x00A0      	MOVWF      _residuos
0x01C2	0x0871      	MOVF       R0+1, 0
0x01C3	0x00A1      	MOVWF      _residuos+1
;Distancia_PIC16F88_03.mbas,85 :: 		centena=residuos mod 10
0x01C4	0x300A      	MOVLW      10
0x01C5	0x00F4      	MOVWF      R4
0x01C6	0x01F5      	CLRF       R4+1
0x01C7	0x20BF      	CALL       _Div_16x16_S
0x01C8	0x0878      	MOVF       R8, 0
0x01C9	0x00F0      	MOVWF      R0
0x01CA	0x0879      	MOVF       R8+1, 0
0x01CB	0x00F1      	MOVWF      R0+1
0x01CC	0x0870      	MOVF       R0, 0
0x01CD	0x00A2      	MOVWF      _centena
0x01CE	0x0871      	MOVF       R0+1, 0
0x01CF	0x00A3      	MOVWF      _centena+1
;Distancia_PIC16F88_03.mbas,87 :: 		PORTB=numero[unidad]
0x01D0	0x083F      	MOVF       _unidad, 0
0x01D1	0x00F0      	MOVWF      R0
0x01D2	0x0840      	MOVF       _unidad+1, 0
0x01D3	0x00F1      	MOVWF      R0+1
0x01D4	0x0DF0      	RLF        R0, 1
0x01D5	0x0DF1      	RLF        R0+1, 1
0x01D6	0x1070      	BCF        R0, 0
0x01D7	0x0870      	MOVF       R0, 0
0x01D8	0x3E26      	ADDLW      _numero
0x01D9	0x0084      	MOVWF      FSR
0x01DA	0x0800      	MOVF       INDF, 0
0x01DB	0x0086      	MOVWF      PORTB
;Distancia_PIC16F88_03.mbas,88 :: 		PORTA=0x03
0x01DC	0x3003      	MOVLW      3
0x01DD	0x0085      	MOVWF      PORTA
;Distancia_PIC16F88_03.mbas,89 :: 		delay_ms(5)
0x01DE	0x300D      	MOVLW      13
0x01DF	0x00FC      	MOVWF      R12
0x01E0	0x30FB      	MOVLW      251
0x01E1	0x00FD      	MOVWF      R13
L__main21:
0x01E2	0x0BFD      	DECFSZ     R13, 1
0x01E3	0x29E2      	GOTO       L__main21
0x01E4	0x0BFC      	DECFSZ     R12, 1
0x01E5	0x29E2      	GOTO       L__main21
0x01E6	0x0000      	NOP
0x01E7	0x0000      	NOP
;Distancia_PIC16F88_03.mbas,90 :: 		PORTA=0xff
0x01E8	0x30FF      	MOVLW      255
0x01E9	0x0085      	MOVWF      PORTA
;Distancia_PIC16F88_03.mbas,91 :: 		PORTB=numero[decena]
0x01EA	0x083D      	MOVF       _decena, 0
0x01EB	0x00F0      	MOVWF      R0
0x01EC	0x083E      	MOVF       _decena+1, 0
0x01ED	0x00F1      	MOVWF      R0+1
0x01EE	0x0DF0      	RLF        R0, 1
0x01EF	0x0DF1      	RLF        R0+1, 1
0x01F0	0x1070      	BCF        R0, 0
0x01F1	0x0870      	MOVF       R0, 0
0x01F2	0x3E26      	ADDLW      _numero
0x01F3	0x0084      	MOVWF      FSR
0x01F4	0x0800      	MOVF       INDF, 0
0x01F5	0x0086      	MOVWF      PORTB
;Distancia_PIC16F88_03.mbas,92 :: 		PORTA=0x05
0x01F6	0x3005      	MOVLW      5
0x01F7	0x0085      	MOVWF      PORTA
;Distancia_PIC16F88_03.mbas,93 :: 		delay_ms(5)
0x01F8	0x300D      	MOVLW      13
0x01F9	0x00FC      	MOVWF      R12
0x01FA	0x30FB      	MOVLW      251
0x01FB	0x00FD      	MOVWF      R13
L__main22:
0x01FC	0x0BFD      	DECFSZ     R13, 1
0x01FD	0x29FC      	GOTO       L__main22
0x01FE	0x0BFC      	DECFSZ     R12, 1
0x01FF	0x29FC      	GOTO       L__main22
0x0200	0x0000      	NOP
0x0201	0x0000      	NOP
;Distancia_PIC16F88_03.mbas,94 :: 		PORTA=0x0f
0x0202	0x300F      	MOVLW      15
0x0203	0x0085      	MOVWF      PORTA
;Distancia_PIC16F88_03.mbas,95 :: 		PORTB=numero[centena]
0x0204	0x0822      	MOVF       _centena, 0
0x0205	0x00F0      	MOVWF      R0
0x0206	0x0823      	MOVF       _centena+1, 0
0x0207	0x00F1      	MOVWF      R0+1
0x0208	0x0DF0      	RLF        R0, 1
0x0209	0x0DF1      	RLF        R0+1, 1
0x020A	0x1070      	BCF        R0, 0
0x020B	0x0870      	MOVF       R0, 0
0x020C	0x3E26      	ADDLW      _numero
0x020D	0x0084      	MOVWF      FSR
0x020E	0x0800      	MOVF       INDF, 0
0x020F	0x0086      	MOVWF      PORTB
;Distancia_PIC16F88_03.mbas,96 :: 		PORTA=0x06
0x0210	0x3006      	MOVLW      6
0x0211	0x0085      	MOVWF      PORTA
;Distancia_PIC16F88_03.mbas,97 :: 		delay_ms(5)
0x0212	0x300D      	MOVLW      13
0x0213	0x00FC      	MOVWF      R12
0x0214	0x30FB      	MOVLW      251
0x0215	0x00FD      	MOVWF      R13
L__main23:
0x0216	0x0BFD      	DECFSZ     R13, 1
0x0217	0x2A16      	GOTO       L__main23
0x0218	0x0BFC      	DECFSZ     R12, 1
0x0219	0x2A16      	GOTO       L__main23
0x021A	0x0000      	NOP
0x021B	0x0000      	NOP
;Distancia_PIC16F88_03.mbas,98 :: 		PORTA=0x0f
0x021C	0x300F      	MOVLW      15
0x021D	0x0085      	MOVWF      PORTA
;Distancia_PIC16F88_03.mbas,100 :: 		cnt = cnt + 1
0x021E	0x0ABC      	INCF       _cnt, 1
;Distancia_PIC16F88_03.mbas,101 :: 		aux = aux + dist
0x021F	0x0824      	MOVF       _dist, 0
0x0220	0x07BA      	ADDWF      _aux, 1
0x0221	0x0825      	MOVF       _dist+1, 0
0x0222	0x1803      	BTFSC      STATUS, 0
0x0223	0x3E01      	ADDLW      1
0x0224	0x07BB      	ADDWF      _aux+1, 1
;Distancia_PIC16F88_03.mbas,102 :: 		if cnt > 5 then
0x0225	0x3080      	MOVLW      128
0x0226	0x3A05      	XORLW      5
0x0227	0x00F0      	MOVWF      R0
0x0228	0x3080      	MOVLW      128
0x0229	0x063C      	XORWF      _cnt, 0
0x022A	0x0270      	SUBWF      R0, 0
0x022B	0x1803      	BTFSC      STATUS, 0
0x022C	0x2A3C      	GOTO       L__main25
;Distancia_PIC16F88_03.mbas,103 :: 		promedio = aux / 6
0x022D	0x3006      	MOVLW      6
0x022E	0x00F4      	MOVWF      R4
0x022F	0x01F5      	CLRF       R4+1
0x0230	0x083A      	MOVF       _aux, 0
0x0231	0x00F0      	MOVWF      R0
0x0232	0x083B      	MOVF       _aux+1, 0
0x0233	0x00F1      	MOVWF      R0+1
0x0234	0x20BF      	CALL       _Div_16x16_S
0x0235	0x0870      	MOVF       R0, 0
0x0236	0x00C1      	MOVWF      _promedio
0x0237	0x0871      	MOVF       R0+1, 0
0x0238	0x00C2      	MOVWF      _promedio+1
;Distancia_PIC16F88_03.mbas,104 :: 		cnt = 0
0x0239	0x01BC      	CLRF       _cnt
;Distancia_PIC16F88_03.mbas,105 :: 		aux = 0
0x023A	0x01BA      	CLRF       _aux
0x023B	0x01BB      	CLRF       _aux+1
L__main25:
;Distancia_PIC16F88_03.mbas,108 :: 		wend
0x023C	0x296F      	GOTO       L__main16
L_end_main:
0x023D	0x2A3D      	GOTO       $+0
; end of _main
Symbol List:
//** Routines locations **
//ADDRESS    SIZE    PROCEDURE
//----------------------------------------------
0x0003      [44]    _Div_16x16_S_L
0x002F      [13]    _TIMER1_INI
0x003C     [102]    _ping_HC_SR04
0x00A2      [29]    _Div_16x16_U
0x00BF     [105]    _Div_16x16_S
0x0128     [278]    _main
//** Variables locations ** 
//ADDRESS    SIZE    VARIABLE
//----------------------------------------------
0x0003       [1]    STATUS
0x0005       [1]    PORTA
0x0006       [1]    PORTB
0x000C       [1]    PIR1
0x000E       [1]    TMR1L
0x000F       [1]    TMR1H
0x0010       [1]    T1CON
0x001F       [1]    ADCON0
0x0020       [2]    _residuos
0x0022       [2]    _centena
0x0024       [2]    _dist
0x0026      [20]    _numero
0x003A       [2]    _aux
0x003C       [1]    _cnt
0x003D       [2]    _decena
0x003F       [2]    _unidad
0x0041       [2]    _promedio
0x0043       [2]    _CONTL
0x0045       [2]    _CONTH
0x0070       [1]    R0
0x0071       [1]    R1
0x0072       [1]    R2
0x0073       [1]    R3
0x0074       [1]    R4
0x0075       [1]    R5
0x0076       [1]    R6
0x0077       [1]    R7
0x0078       [1]    R8
0x0079       [1]    R9
0x007A       [1]    R10
0x007B       [1]    R11
0x007C       [1]    R12
0x007D       [1]    R13
0x007E       [1]    R14
0x007F       [1]    R15
0x0085       [1]    TRISA
0x0086       [1]    TRISB
0x008C       [1]    PIE1
0x009B       [1]    ANSEL
0x009C       [1]    CMCON
//** Label List: ** 
//----------------------------------------------
  L_end__ping_HC_SR04
  L__ping_HC_SR041
  L__ping_HC_SR042
  L__ping_HC_SR043
  L__ping_HC_SR044
  L__ping_HC_SR045
  L__ping_HC_SR046
  L__ping_HC_SR047
  L__ping_HC_SR048
  L__ping_HC_SR049
  L__ping_HC_SR0410
  L__ping_HC_SR0411
  L_end__TIMER1_INI
  L_end__main
  L__main14
  L__main15
  L__main16
  L__main17
  L__main18
  L__main19
  L__main20
  L__main21
  L__main22
  L__main23
  L__main24
  L__main25
  L__main26
  L_end_ping_HC_SR04
  _ping_HC_SR04
  L__ping_HC_SR0428
  L__ping_HC_SR0429
  L__ping_HC_SR0430
  L__ping_HC_SR0431
  L__ping_HC_SR0432
  L__ping_HC_SR0433
  L_end_TIMER1_INI
  _TIMER1_INI
  L__TIMER1_INI35
  L__TIMER1_INI36
  L_end_main
  _main
  L_end__Mul_8x8_U
  L_end__Mul_16x16_U
  L_end__Div_8x8_U
  L__Div_8x8_U3
  L__Div_8x8_U4
  L__Div_8x8_U5
  L_end__Div_16x16_U
  L_end__Mul_8x8_S
  L_end__Mul_16x16_S
  L_end__Div_16x16_S_L
  L_end__Div_16x16_S
  L__Div_16x16_S11
  L__Div_16x16_S12
  L__Div_16x16_S13
  L__Div_16x16_S14
  L__Div_16x16_S15
  L__Div_16x16_S16
  L_end__Div_8x8_S
  L_end__SDIV3232L
  LOOPS3232A
  SADD22LA
  SOK22LA
  SADD22L8
  SOK22L8
  LOOPS3232B
  SADD22LB
  SOK22LB
  SADD22L16
  SOK22L16
  LOOPS3232C
  SADD22LC
  SOK22LC
  SADD22L24
  SOK22L24
  LOOPS3232D
  SADD22LD
  SOK22LD
  SOK22L
  L_end__COMFREM
  L_end__Div_32x32_S
  L__Div_32x32_S25
  L__Div_32x32_S26
  L__Div_32x32_S27
  L__Div_32x32_S28
  L__Div_32x32_S29
  L__Div_32x32_S30
  L__Div_32x32_S31
  L__Div_32x32_S32
  L__Div_32x32_S33
  L__Div_32x32_S34
  L__Div_32x32_S35
  L__Div_32x32_S36
  FXD3232S
  END_ALL
  CA3232S
  C3232SX
  C3232SX1
  C3232S
  C3232S2
  C3232SX4
  C3232SOK
  C3232SX3
  C3232SX2
  avoid_comfrem
  L_end__Div_32x32_U
  LOOPU3232A
  UADD22LA
  UOK22LA
  UADD22L8
  UOK22L8
  LOOPU3232B
  UADD22LB
  UOK22LB
  UADD22L16
  UOK22L16
  LOOPU3232C
  UADD22LC
  UOK22LC
  UADD22L24
  UOK22L24
  LOOPU3232D
  UADD22LD
  UOK22LD
  UOK22L
  L_end__Mul_32x32_U
  _NEXT
  _EXIT2
  _LOOP
  _EXIT1
  L_end__Mul_32x32_S
  _IF_FIRST
  _IF_SECOND
  _INVERCE_FIRST
  _MULT
  _INBERSE_SECOND
  _EXIT
  L_end_Mul_8x8_U
  _Mul_8x8_U
  L_end_Mul_16x16_U
  _Mul_16x16_U
  L_end_Div_8x8_U
  _Div_8x8_U
  L_end_Div_16x16_U
  _Div_16x16_U
  L_end_Mul_8x8_S
  _Mul_8x8_S
  L_end_Mul_16x16_S
  _Mul_16x16_S
  L_end_Div_16x16_S_L
  _Div_16x16_S_L
  L_end_Div_16x16_S
  _Div_16x16_S
  L_end_Div_8x8_S
  _Div_8x8_S
  L_end_SDIV3232L
  _SDIV3232L
  L_end_COMFREM
  _COMFREM
  L_end_Div_32x32_S
  _Div_32x32_S
  L_end_Div_32x32_U
  _Div_32x32_U
  L_end_Mul_32x32_U
  _Mul_32x32_U
  L_end_Mul_32x32_S
  _Mul_32x32_S
